"../../../Engine/Content/EngineResources/DefaultTexture.ubulk" 0
"../../../Engine/Content/EngineResources/DefaultTexture.uasset" 1
"../../../Engine/Content/EngineResources/DefaultTexture.uexp" 2
"../../../Engine/Content/EngineResources/DefaultTextureCube.uasset" 3
"../../../Engine/Content/EngineResources/DefaultTextureCube.uexp" 4
"../../../Engine/Content/EngineResources/DefaultVolumeTexture2D.uasset" 5
"../../../Engine/Content/EngineResources/DefaultVolumeTexture2D.uexp" 6
"../../../Engine/Content/EngineResources/DefaultVolumeTexture.uasset" 7
"../../../Engine/Content/EngineResources/DefaultVolumeTexture.uexp" 8
"../../../Engine/Content/EngineMeshes/Sphere.ubulk" 9
"../../../Engine/Content/EngineMeshes/Sphere.uasset" 10
"../../../Engine/Content/EngineMeshes/Sphere.uexp" 11
"../../../Engine/Content/EngineResources/GradientTexture0.uasset" 12
"../../../Engine/Content/EngineResources/GradientTexture0.uexp" 13
"../../../Engine/Content/EngineResources/Black.uasset" 14
"../../../Engine/Content/EngineResources/Black.uexp" 15
"../../../Engine/Content/EngineMaterials/T_Default_Material_Grid_M.ubulk" 16
"../../../Engine/Content/EngineMaterials/T_Default_Material_Grid_M.uasset" 17
"../../../Engine/Content/EngineMaterials/T_Default_Material_Grid_M.uexp" 18
"../../../Engine/Content/EngineMaterials/T_Default_Material_Grid_N.ubulk" 19
"../../../Engine/Content/EngineMaterials/T_Default_Material_Grid_N.uasset" 20
"../../../Engine/Content/EngineMaterials/T_Default_Material_Grid_N.uexp" 21
"../../../Engine/Content/Functions/Engine_MaterialFunctions01/Opacity/CameraDepthFade.uasset" 22
"../../../Engine/Content/Functions/Engine_MaterialFunctions01/Opacity/CameraDepthFade.uexp" 23
"../../../Engine/Content/EngineMaterials/WorldGridMaterial.uasset" 24
"../../../Engine/Content/EngineMaterials/WorldGridMaterial.uexp" 25
"../../../Engine/Content/ArtTools/RenderToTexture/Meshes/S_1_Unit_Plane.ubulk" 26
"../../../Engine/Content/ArtTools/RenderToTexture/Meshes/S_1_Unit_Plane.uasset" 27
"../../../Engine/Content/ArtTools/RenderToTexture/Meshes/S_1_Unit_Plane.uexp" 28
"../../../Engine/Content/EngineMaterials/Good64x64TilingNoiseHighFreq.uasset" 29
"../../../Engine/Content/EngineMaterials/Good64x64TilingNoiseHighFreq.uexp" 30
"../../../Engine/Content/EngineMaterials/DefaultBokeh.uasset" 31
"../../../Engine/Content/EngineMaterials/DefaultBokeh.uexp" 32
"../../../Engine/Content/EngineMaterials/PreintegratedSkinBRDF.uasset" 33
"../../../Engine/Content/EngineMaterials/PreintegratedSkinBRDF.uexp" 34
"../../../Engine/Content/EngineMaterials/MiniFont.uasset" 35
"../../../Engine/Content/EngineMaterials/MiniFont.uexp" 36
"../../../Engine/Content/EngineMaterials/WeightMapPlaceholderTexture.uasset" 37
"../../../Engine/Content/EngineMaterials/WeightMapPlaceholderTexture.uexp" 38
"../../../Engine/Content/EngineMaterials/DefaultWhiteGrid.ubulk" 39
"../../../Engine/Content/EngineMaterials/DefaultWhiteGrid.uasset" 40
"../../../Engine/Content/EngineMaterials/DefaultWhiteGrid.uexp" 41
"../../../Engine/Content/Animation/DefaultRecorderBoneCompression.uasset" 42
"../../../Engine/Content/Animation/DefaultRecorderBoneCompression.uexp" 43
"../../../Engine/Content/Animation/DefaultAnimCurveCompressionSettings.uasset" 44
"../../../Engine/Content/Animation/DefaultAnimCurveCompressionSettings.uexp" 45
"../../../Engine/Content/Animation/DefaultAnimBoneCompressionSettings.uasset" 46
"../../../Engine/Content/Animation/DefaultAnimBoneCompressionSettings.uexp" 47
"../../../Engine/Content/EngineMaterials/DefaultMaterial.uasset" 48
"../../../Engine/Content/EngineMaterials/DefaultMaterial.uexp" 49
"../../../Engine/Content/BasicShapes/Sphere.ubulk" 50
"../../../Engine/Content/BasicShapes/Sphere.uasset" 51
"../../../Engine/Content/BasicShapes/Sphere.uexp" 52
"../../../Engine/Content/BasicShapes/Plane.ubulk" 53
"../../../Engine/Content/BasicShapes/Plane.uasset" 54
"../../../Engine/Content/BasicShapes/Plane.uexp" 55
"../../../Engine/Content/BasicShapes/Cone.ubulk" 56
"../../../Engine/Content/BasicShapes/Cone.uasset" 57
"../../../Engine/Content/BasicShapes/Cone.uexp" 58
"../../../Engine/Content/Functions/Engine_MaterialFunctions02/Utility/MakeFloat4.uasset" 59
"../../../Engine/Content/Functions/Engine_MaterialFunctions02/Utility/MakeFloat4.uexp" 60
"../../../Engine/Content/Functions/Engine_MaterialFunctions02/Utility/MakeFloat3.uasset" 61
"../../../Engine/Content/Functions/Engine_MaterialFunctions02/Utility/MakeFloat3.uexp" 62
"../../../Engine/Content/Functions/Engine_MaterialFunctions02/Utility/BreakOutFloat3Components.uasset" 63
"../../../Engine/Content/Functions/Engine_MaterialFunctions02/Utility/BreakOutFloat3Components.uexp" 64
"../../../Engine/Content/EngineDamageTypes/DmgTypeBP_Environmental.uasset" 65
"../../../Engine/Content/EngineDamageTypes/DmgTypeBP_Environmental.uexp" 66
"../../../Engine/Content/Functions/Engine_MaterialFunctions02/Utility/CameraDirectionVector.uasset" 67
"../../../Engine/Content/Functions/Engine_MaterialFunctions02/Utility/CameraDirectionVector.uexp" 68
"../../../Engine/Content/EngineDebugMaterials/VolumeToRender.uasset" 69
"../../../Engine/Content/EngineDebugMaterials/VolumeToRender.uexp" 70
"../../../Engine/Content/EngineDebugMaterials/M_VolumeRenderSphereTracePP.uasset" 71
"../../../Engine/Content/EngineDebugMaterials/M_VolumeRenderSphereTracePP.uexp" 72
"../../../Engine/Content/EngineDebugMaterials/M_SimpleUnlitTranslucent.uasset" 73
"../../../Engine/Content/EngineDebugMaterials/M_SimpleUnlitTranslucent.uexp" 74
"../../../Engine/Content/EngineDebugMaterials/DebugMeshMaterial.uasset" 75
"../../../Engine/Content/EngineDebugMaterials/DebugMeshMaterial.uexp" 76
"../../../Engine/Content/EngineDebugMaterials/DebugEditorMaterial.uasset" 77
"../../../Engine/Content/EngineDebugMaterials/DebugEditorMaterial.uexp" 78
"../../../Engine/Content/EngineFonts/Faces/RobotoLight.uexp" 79
"../../../Engine/Content/EngineFonts/Faces/RobotoLight.uasset" 80
"../../../Engine/Content/EngineFonts/Faces/RobotoLight.ufont" 81
"../../../Engine/Content/EngineFonts/Faces/RobotoBold.uexp" 82
"../../../Engine/Content/EngineFonts/Faces/RobotoBold.uasset" 83
"../../../Engine/Content/EngineFonts/Faces/RobotoBold.ufont" 84
"../../../Engine/Content/EngineFonts/Faces/RobotoRegular.uexp" 85
"../../../Engine/Content/EngineFonts/Faces/RobotoRegular.uasset" 86
"../../../Engine/Content/EngineFonts/Faces/RobotoRegular.ufont" 87
"../../../Engine/Content/EngineFonts/Faces/DroidSansFallback.uexp" 88
"../../../Engine/Content/EngineFonts/Faces/DroidSansFallback.uasset" 89
"../../../Engine/Content/EngineFonts/Faces/DroidSansFallback.ufont" 90
"../../../Engine/Content/EngineFonts/Faces/RobotoItalic.uexp" 91
"../../../Engine/Content/EngineFonts/Faces/RobotoItalic.uasset" 92
"../../../Engine/Content/EngineFonts/Faces/RobotoItalic.ufont" 93
"../../../Engine/Content/EngineFonts/Faces/RobotoBoldItalic.uexp" 94
"../../../Engine/Content/EngineFonts/Faces/RobotoBoldItalic.uasset" 95
"../../../Engine/Content/EngineFonts/Faces/RobotoBoldItalic.ufont" 96
"../../../Engine/Content/EngineFonts/Roboto.uasset" 97
"../../../Engine/Content/EngineFonts/Roboto.uexp" 98
"../../../Engine/Content/EngineResources/WhiteSquareTexture.uasset" 99
"../../../Engine/Content/EngineResources/WhiteSquareTexture.uexp" 100
"../../../Engine/Content/EngineMaterials/Widget3DPassThrough.uasset" 101
"../../../Engine/Content/EngineMaterials/Widget3DPassThrough.uexp" 102
"../../../Engine/Content/EngineMaterials/Widget3DPassThrough_Translucent.uasset" 103
"../../../Engine/Content/EngineMaterials/Widget3DPassThrough_Translucent.uexp" 104
"../../../Engine/Content/EngineMaterials/Widget3DPassThrough_Translucent_OneSided.uasset" 105
"../../../Engine/Content/EngineMaterials/Widget3DPassThrough_Translucent_OneSided.uexp" 106
"../../../Engine/Content/EngineMaterials/Widget3DPassThrough_Opaque.uasset" 107
"../../../Engine/Content/EngineMaterials/Widget3DPassThrough_Opaque.uexp" 108
"../../../Engine/Content/EngineMaterials/Widget3DPassThrough_Opaque_OneSided.uasset" 109
"../../../Engine/Content/EngineMaterials/Widget3DPassThrough_Opaque_OneSided.uexp" 110
"../../../Engine/Content/EngineMaterials/Widget3DPassThrough_Masked_OneSided.uasset" 111
"../../../Engine/Content/EngineMaterials/Widget3DPassThrough_Masked_OneSided.uexp" 112
"../../../Engine/Content/EngineMaterials/Widget3DPassThrough_Masked.uasset" 113
"../../../Engine/Content/EngineMaterials/Widget3DPassThrough_Masked.uexp" 114
"../../../Engine/Content/EngineMaterials/STBlueNoise_vec2_128x128x64.uasset" 115
"../../../Engine/Content/EngineMaterials/STBlueNoise_vec2_128x128x64.uexp" 116
"../../../Engine/Content/EngineMaterials/STBlueNoise_scalar_128x128x64.uasset" 117
"../../../Engine/Content/EngineMaterials/STBlueNoise_scalar_128x128x64.uexp" 118
"../../../Engine/Content/EngineMaterials/RemoveSurfaceMaterial.uasset" 119
"../../../Engine/Content/EngineMaterials/RemoveSurfaceMaterial.uexp" 120
"../../../Engine/Content/EngineMaterials/DefaultCalibrationGrayscale.uasset" 121
"../../../Engine/Content/EngineMaterials/DefaultCalibrationGrayscale.uexp" 122
"../../../Engine/Content/EngineMaterials/PPM_DefaultCalibrationGrayscale.uasset" 123
"../../../Engine/Content/EngineMaterials/PPM_DefaultCalibrationGrayscale.uexp" 124
"../../../Engine/Content/EngineMaterials/DefaultCalibrationColor.uasset" 125
"../../../Engine/Content/EngineMaterials/DefaultCalibrationColor.uexp" 126
"../../../Engine/Content/EngineMaterials/PPM_DefaultCalibrationColor.uasset" 127
"../../../Engine/Content/EngineMaterials/PPM_DefaultCalibrationColor.uexp" 128
"../../../Engine/Content/Functions/Engine_MaterialFunctions02/WorldPositionOffset/CameraOffset.uasset" 129
"../../../Engine/Content/Functions/Engine_MaterialFunctions02/WorldPositionOffset/CameraOffset.uexp" 130
"../../../Engine/Content/EngineMaterials/PhAT_JointLimitMaterial.uasset" 131
"../../../Engine/Content/EngineMaterials/PhAT_JointLimitMaterial.uexp" 132
"../../../Engine/Content/EngineMaterials/InvalidLightmapSettings.ubulk" 133
"../../../Engine/Content/EngineMaterials/InvalidLightmapSettings.uasset" 134
"../../../Engine/Content/EngineMaterials/InvalidLightmapSettings.uexp" 135
"../../../Engine/Content/EngineMaterials/M_InvalidLightmapSettings.uasset" 136
"../../../Engine/Content/EngineMaterials/M_InvalidLightmapSettings.uexp" 137
"../../../Engine/Content/EngineMaterials/GizmoMaterial.uasset" 138
"../../../Engine/Content/EngineMaterials/GizmoMaterial.uexp" 139
"../../../Engine/Content/EngineMaterials/BaseFlattenEmissiveMap_VT.uasset" 140
"../../../Engine/Content/EngineMaterials/BaseFlattenEmissiveMap_VT.uexp" 141
"../../../Engine/Content/EngineMaterials/BaseFlattenGrayscaleMap_VT.uasset" 142
"../../../Engine/Content/EngineMaterials/BaseFlattenGrayscaleMap_VT.uexp" 143
"../../../Engine/Content/EngineMaterials/BaseFlattenLinearColor_VT.uasset" 144
"../../../Engine/Content/EngineMaterials/BaseFlattenLinearColor_VT.uexp" 145
"../../../Engine/Content/EngineMaterials/Black_1x1_EXR_Texture_VT.uasset" 146
"../../../Engine/Content/EngineMaterials/Black_1x1_EXR_Texture_VT.uexp" 147
"../../../Engine/Content/EngineMaterials/BaseFlattenDiffuseMap_VT.uasset" 148
"../../../Engine/Content/EngineMaterials/BaseFlattenDiffuseMap_VT.uexp" 149
"../../../Engine/Content/EngineMaterials/BaseFlattenNormalMap_VT.uasset" 150
"../../../Engine/Content/EngineMaterials/BaseFlattenNormalMap_VT.uexp" 151
"../../../Engine/Content/EngineMaterials/FlattenMaterial_WS_Normal_VT.uasset" 152
"../../../Engine/Content/EngineMaterials/FlattenMaterial_WS_Normal_VT.uexp" 153
"../../../Engine/Content/EngineMaterials/FlattenMaterial_VT.uasset" 154
"../../../Engine/Content/EngineMaterials/FlattenMaterial_VT.uexp" 155
"../../../Engine/Content/EngineMaterials/BaseFlattenNormalMap.uasset" 156
"../../../Engine/Content/EngineMaterials/BaseFlattenNormalMap.uexp" 157
"../../../Engine/Content/EngineMaterials/BaseFlattenGrayscaleMap.uasset" 158
"../../../Engine/Content/EngineMaterials/BaseFlattenGrayscaleMap.uexp" 159
"../../../Engine/Content/EngineMaterials/BaseFlattenDiffuseMap.uasset" 160
"../../../Engine/Content/EngineMaterials/BaseFlattenDiffuseMap.uexp" 161
"../../../Engine/Content/Functions/Engine_MaterialFunctions02/PivotPainter2/Black_1x1_EXR_Texture.uasset" 162
"../../../Engine/Content/Functions/Engine_MaterialFunctions02/PivotPainter2/Black_1x1_EXR_Texture.uexp" 163
"../../../Engine/Content/EngineMaterials/BaseFlattenEmissiveMap.uasset" 164
"../../../Engine/Content/EngineMaterials/BaseFlattenEmissiveMap.uexp" 165
"../../../Engine/Content/EngineMaterials/BaseFlattenLinearColor.uasset" 166
"../../../Engine/Content/EngineMaterials/BaseFlattenLinearColor.uexp" 167
"../../../Engine/Content/EngineMaterials/FlattenMaterial.uasset" 168
"../../../Engine/Content/EngineMaterials/FlattenMaterial.uexp" 169
"../../../Engine/Content/EngineMaterials/DefaultWhiteGrid_Low.uasset" 170
"../../../Engine/Content/EngineMaterials/DefaultWhiteGrid_Low.uexp" 171
"../../../Engine/Content/EngineMaterials/EmissiveMeshMaterial.uasset" 172
"../../../Engine/Content/EngineMaterials/EmissiveMeshMaterial.uexp" 173
"../../../Engine/Content/EngineFonts/RobotoDistanceField.uasset" 174
"../../../Engine/Content/EngineFonts/RobotoDistanceField.uexp" 175
"../../../Engine/Content/EngineMaterials/DefaultTextMaterialOpaque.uasset" 176
"../../../Engine/Content/EngineMaterials/DefaultTextMaterialOpaque.uexp" 177
"../../../Engine/Content/EngineMaterials/DefaultDiffuse.ubulk" 178
"../../../Engine/Content/EngineMaterials/DefaultDiffuse.uasset" 179
"../../../Engine/Content/EngineMaterials/DefaultDiffuse.uexp" 180
"../../../Engine/Content/Functions/Engine_MaterialFunctions02/Utility/BreakOutFloat2Components.uasset" 181
"../../../Engine/Content/Functions/Engine_MaterialFunctions02/Utility/BreakOutFloat2Components.uexp" 182
"../../../Engine/Content/EngineMaterials/DefaultPostProcessMaterial.uasset" 183
"../../../Engine/Content/EngineMaterials/DefaultPostProcessMaterial.uexp" 184
"../../../Engine/Content/EngineMaterials/DefaultPhysicalMaterial.uasset" 185
"../../../Engine/Content/EngineMaterials/DefaultPhysicalMaterial.uexp" 186
"../../../Engine/Content/EngineMaterials/DefaultLightFunctionMaterial.uasset" 187
"../../../Engine/Content/EngineMaterials/DefaultLightFunctionMaterial.uexp" 188
"../../../Engine/Content/EngineMaterials/DefaultDestructiblePhysicalMaterial.uasset" 189
"../../../Engine/Content/EngineMaterials/DefaultDestructiblePhysicalMaterial.uexp" 190
"../../../Engine/Content/EngineMaterials/DefaultDeferredDecalMaterial.uasset" 191
"../../../Engine/Content/EngineMaterials/DefaultDeferredDecalMaterial.uexp" 192
"../../../Engine/Content/EngineMaterials/DefaultBloomKernel.uasset" 193
"../../../Engine/Content/EngineMaterials/DefaultBloomKernel.uexp" 194
"../../../Engine/Content/EngineResources/FilmGrains/Marcie_Grain_v3_128_M2_000.uasset" 195
"../../../Engine/Content/EngineResources/FilmGrains/Marcie_Grain_v3_128_M2_000.uexp" 196
"../../../Engine/Content/EngineSky/VolumetricClouds/CloudWeatherTexture.uasset" 197
"../../../Engine/Content/EngineSky/VolumetricClouds/CloudWeatherTexture.uexp" 198
"../../../Engine/Content/Functions/Engine_MaterialFunctions02/Utility/MakeFloat2.uasset" 199
"../../../Engine/Content/Functions/Engine_MaterialFunctions02/Utility/MakeFloat2.uexp" 200
"../../../Engine/Content/EngineSky/VolumetricClouds/CloudGradientTexture.uasset" 201
"../../../Engine/Content/EngineSky/VolumetricClouds/CloudGradientTexture.uexp" 202
"../../../Engine/Content/EngineSky/VolumetricClouds/T_NoiseShape64.ubulk" 203
"../../../Engine/Content/EngineSky/VolumetricClouds/T_NoiseShape64.uasset" 204
"../../../Engine/Content/EngineSky/VolumetricClouds/T_NoiseShape64.uexp" 205
"../../../Engine/Content/EngineSky/VolumetricClouds/T_VolumeNoiseShape64.uasset" 206
"../../../Engine/Content/EngineSky/VolumetricClouds/T_VolumeNoiseShape64.uexp" 207
"../../../Engine/Content/EngineSky/VolumetricClouds/T_NoiseErosion.ubulk" 208
"../../../Engine/Content/EngineSky/VolumetricClouds/T_NoiseErosion.uasset" 209
"../../../Engine/Content/EngineSky/VolumetricClouds/T_NoiseErosion.uexp" 210
"../../../Engine/Content/EngineSky/VolumetricClouds/T_VolumeNoiseErosion32.uasset" 211
"../../../Engine/Content/EngineSky/VolumetricClouds/T_VolumeNoiseErosion32.uexp" 212
"../../../Engine/Content/EngineSky/VolumetricClouds/m_SimpleVolumetricCloud.uasset" 213
"../../../Engine/Content/EngineSky/VolumetricClouds/m_SimpleVolumetricCloud.uexp" 214
"../../../Engine/Content/EngineSky/VolumetricClouds/m_SimpleVolumetricCloud_Inst.uasset" 215
"../../../Engine/Content/EngineSky/VolumetricClouds/m_SimpleVolumetricCloud_Inst.uexp" 216
"../../../Engine/Content/EngineSounds/Master.uasset" 217
"../../../Engine/Content/EngineSounds/Master.uexp" 218
"../../../Engine/Content/Functions/Engine_MaterialFunctions01/Shading/PowerToRoughness.uasset" 219
"../../../Engine/Content/Functions/Engine_MaterialFunctions01/Shading/PowerToRoughness.uexp" 220
"../../../Engine/Content/MobileResources/HUD/VirtualJoystick_Background.uasset" 221
"../../../Engine/Content/MobileResources/HUD/VirtualJoystick_Background.uexp" 222
"../../../Engine/Content/MobileResources/HUD/VirtualJoystick_Thumb.uasset" 223
"../../../Engine/Content/MobileResources/HUD/VirtualJoystick_Thumb.uexp" 224
"../../../Engine/Content/MobileResources/HUD/DefaultVirtualJoysticks.uasset" 225
"../../../Engine/Content/MobileResources/HUD/DefaultVirtualJoysticks.uexp" 226
"../../../Engine/Plugins/Runtime/MeshModelingToolset/Content/Materials/M_DynamicMeshComponentVtxColor.uasset" 227
"../../../Engine/Plugins/Runtime/MeshModelingToolset/Content/Materials/M_DynamicMeshComponentVtxColor.uexp" 228
"../../../Engine/Plugins/Interchange/Runtime/Content/Pipelines/DefaultTexturePipeline.uasset" 229
"../../../Engine/Plugins/Interchange/Runtime/Content/Pipelines/DefaultTexturePipeline.uexp" 230
"../../../Engine/Plugins/Interchange/Runtime/Content/Pipelines/DefaultSceneLevelPipeline.uasset" 231
"../../../Engine/Plugins/Interchange/Runtime/Content/Pipelines/DefaultSceneLevelPipeline.uexp" 232
"../../../Engine/Plugins/Interchange/Runtime/Content/Pipelines/DefaultSceneAssetsPipeline.uasset" 233
"../../../Engine/Plugins/Interchange/Runtime/Content/Pipelines/DefaultSceneAssetsPipeline.uexp" 234
"../../../Engine/Plugins/Interchange/Runtime/Content/Pipelines/DefaultMaterialPipeline.uasset" 235
"../../../Engine/Plugins/Interchange/Runtime/Content/Pipelines/DefaultMaterialPipeline.uexp" 236
"../../../Engine/Plugins/Interchange/Runtime/Content/Pipelines/DefaultAssetsPipeline.uasset" 237
"../../../Engine/Plugins/Interchange/Runtime/Content/Pipelines/DefaultAssetsPipeline.uexp" 238
"../../../Engine/Plugins/Interchange/Runtime/Content/Materials/UnlitMaterial.uasset" 239
"../../../Engine/Plugins/Interchange/Runtime/Content/Materials/UnlitMaterial.uexp" 240
"../../../Engine/Content/EngineMaterials/DefaultNormal.ubulk" 241
"../../../Engine/Content/EngineMaterials/DefaultNormal.uasset" 242
"../../../Engine/Content/EngineMaterials/DefaultNormal.uexp" 243
"../../../Engine/Plugins/Interchange/Runtime/Content/Materials/MapOrScalarFunction.uasset" 244
"../../../Engine/Plugins/Interchange/Runtime/Content/Materials/MapOrScalarFunction.uexp" 245
"../../../Engine/Plugins/Interchange/Runtime/Content/Materials/MapOrLinearColorFunction.uasset" 246
"../../../Engine/Plugins/Interchange/Runtime/Content/Materials/MapOrLinearColorFunction.uexp" 247
"../../../Engine/Plugins/Interchange/Runtime/Content/Materials/MapOrColorFunction.uasset" 248
"../../../Engine/Plugins/Interchange/Runtime/Content/Materials/MapOrColorFunction.uexp" 249
"../../../Engine/Plugins/Interchange/Runtime/Content/Materials/CommonMaterial.uasset" 250
"../../../Engine/Plugins/Interchange/Runtime/Content/Materials/CommonMaterial.uexp" 251
"../../../Engine/Plugins/Interchange/Runtime/Content/Materials/PBRSurfaceFunction.uasset" 252
"../../../Engine/Plugins/Interchange/Runtime/Content/Materials/PBRSurfaceFunction.uexp" 253
"../../../Engine/Plugins/Interchange/Runtime/Content/Materials/ThinTranslucentMaterial.uasset" 254
"../../../Engine/Plugins/Interchange/Runtime/Content/Materials/ThinTranslucentMaterial.uexp" 255
"../../../Engine/Plugins/Interchange/Runtime/Content/Materials/SubsurfaceMaterial.uasset" 256
"../../../Engine/Plugins/Interchange/Runtime/Content/Materials/SubsurfaceMaterial.uexp" 257
"../../../Engine/Plugins/Interchange/Runtime/Content/Materials/SheenMaterial.uasset" 258
"../../../Engine/Plugins/Interchange/Runtime/Content/Materials/SheenMaterial.uexp" 259
"../../../Engine/Content/Functions/Engine_MaterialFunctions01/Shading/ConvertFromDiffSpec.uasset" 260
"../../../Engine/Content/Functions/Engine_MaterialFunctions01/Shading/ConvertFromDiffSpec.uexp" 261
"../../../Engine/Plugins/Interchange/Runtime/Content/Materials/PhongSurfaceMaterial.uasset" 262
"../../../Engine/Plugins/Interchange/Runtime/Content/Materials/PhongSurfaceMaterial.uexp" 263
"../../../Engine/Plugins/Interchange/Runtime/Content/Materials/PBRSurfaceMaterial.uasset" 264
"../../../Engine/Plugins/Interchange/Runtime/Content/Materials/PBRSurfaceMaterial.uexp" 265
"../../../Engine/Content/EngineMaterials/FlatNormal.uasset" 266
"../../../Engine/Content/EngineMaterials/FlatNormal.uexp" 267
"../../../Engine/Plugins/Interchange/Runtime/Content/Functions/MF_OrenNayerView.uasset" 268
"../../../Engine/Plugins/Interchange/Runtime/Content/Functions/MF_OrenNayerView.uexp" 269
"../../../Engine/Plugins/Interchange/Runtime/Content/Functions/MF_SchlickApprox.uasset" 270
"../../../Engine/Plugins/Interchange/Runtime/Content/Functions/MF_SchlickApprox.uexp" 271
"../../../Engine/Plugins/Interchange/Runtime/Content/Utilities/New_LUT.uasset" 272
"../../../Engine/Plugins/Interchange/Runtime/Content/Utilities/New_LUT.uexp" 273
"../../../Engine/Content/Functions/Engine_MaterialFunctions03/Math/RemapValueRange.uasset" 274
"../../../Engine/Content/Functions/Engine_MaterialFunctions03/Math/RemapValueRange.uexp" 275
"../../../Engine/Plugins/Interchange/Runtime/Content/Functions/MF_Iridescence.uasset" 276
"../../../Engine/Plugins/Interchange/Runtime/Content/Functions/MF_Iridescence.uexp" 277
"../../../Engine/Plugins/Interchange/Runtime/Content/Materials/OrenNayerMaterial.uasset" 278
"../../../Engine/Plugins/Interchange/Runtime/Content/Materials/OrenNayerMaterial.uexp" 279
"../../../Engine/Plugins/Interchange/Runtime/Content/Materials/LambertSurfaceMaterial.uasset" 280
"../../../Engine/Plugins/Interchange/Runtime/Content/Materials/LambertSurfaceMaterial.uexp" 281
"../../../Engine/Plugins/Interchange/Runtime/Content/Materials/ClearCoatMaterial.uasset" 282
"../../../Engine/Plugins/Interchange/Runtime/Content/Materials/ClearCoatMaterial.uexp" 283
"../../../Engine/Plugins/Interchange/Runtime/Content/gltf/Textures/T_Gray_Linear.uasset" 284
"../../../Engine/Plugins/Interchange/Runtime/Content/gltf/Textures/T_Gray_Linear.uexp" 285
"../../../Engine/Plugins/Interchange/Runtime/Content/gltf/Textures/T_Black_srgb.uasset" 286
"../../../Engine/Plugins/Interchange/Runtime/Content/gltf/Textures/T_Black_srgb.uexp" 287
"../../../Engine/Plugins/Interchange/Runtime/Content/gltf/MaterialFunctions/MF_RotateV2.uasset" 288
"../../../Engine/Plugins/Interchange/Runtime/Content/gltf/MaterialFunctions/MF_RotateV2.uexp" 289
"../../../Engine/Plugins/Interchange/Runtime/Content/gltf/MaterialFunctions/MF_TransformUVs.uasset" 290
"../../../Engine/Plugins/Interchange/Runtime/Content/gltf/MaterialFunctions/MF_TransformUVs.uexp" 291
"../../../Engine/Plugins/Interchange/Runtime/Content/gltf/Textures/T_White_srgb.uasset" 292
"../../../Engine/Plugins/Interchange/Runtime/Content/gltf/Textures/T_White_srgb.uexp" 293
"../../../Engine/Plugins/Interchange/Runtime/Content/gltf/MaterialFunctions/MF_BaseColor.uasset" 294
"../../../Engine/Plugins/Interchange/Runtime/Content/gltf/MaterialFunctions/MF_BaseColor.uexp" 295
"../../../Engine/Plugins/Interchange/Runtime/Content/gltf/MaterialFunctions/MF_DiffuseSpecGloss.uasset" 296
"../../../Engine/Plugins/Interchange/Runtime/Content/gltf/MaterialFunctions/MF_DiffuseSpecGloss.uexp" 297
"../../../Engine/Plugins/Interchange/Runtime/Content/gltf/Textures/T_White_Linear.uasset" 298
"../../../Engine/Plugins/Interchange/Runtime/Content/gltf/Textures/T_White_Linear.uexp" 299
"../../../Engine/Plugins/Interchange/Runtime/Content/gltf/MaterialFunctions/MF_MetallicRoughness.uasset" 300
"../../../Engine/Plugins/Interchange/Runtime/Content/gltf/MaterialFunctions/MF_MetallicRoughness.uexp" 301
"../../../Engine/Plugins/Interchange/Runtime/Content/gltf/MaterialFunctions/MF_Transmission.uasset" 302
"../../../Engine/Plugins/Interchange/Runtime/Content/gltf/MaterialFunctions/MF_Transmission.uexp" 303
"../../../Engine/Plugins/Interchange/Runtime/Content/gltf/MaterialFunctions/MF_Occlusion.uasset" 304
"../../../Engine/Plugins/Interchange/Runtime/Content/gltf/MaterialFunctions/MF_Occlusion.uexp" 305
"../../../Engine/Content/Functions/Engine_MaterialFunctions02/Texturing/CustomRotator.uasset" 306
"../../../Engine/Content/Functions/Engine_MaterialFunctions02/Texturing/CustomRotator.uexp" 307
"../../../Engine/Content/Functions/Engine_MaterialFunctions02/Texturing/ScreenAlignedPixelToPixelUVs.uasset" 308
"../../../Engine/Content/Functions/Engine_MaterialFunctions02/Texturing/ScreenAlignedPixelToPixelUVs.uexp" 309
"../../../Engine/Plugins/Interchange/Runtime/Content/Utilities/T_Bayer64_Grayscale_64px.uasset" 310
"../../../Engine/Plugins/Interchange/Runtime/Content/Utilities/T_Bayer64_Grayscale_64px.uexp" 311
"../../../Engine/Plugins/Interchange/Runtime/Content/gltf/MaterialFunctions/MF_Temporal_Blur.uasset" 312
"../../../Engine/Plugins/Interchange/Runtime/Content/gltf/MaterialFunctions/MF_Temporal_Blur.uexp" 313
"../../../Engine/Plugins/Interchange/Runtime/Content/gltf/MaterialFunctions/MF_Specular.uasset" 314
"../../../Engine/Plugins/Interchange/Runtime/Content/gltf/MaterialFunctions/MF_Specular.uexp" 315
"../../../Engine/Plugins/Interchange/Runtime/Content/gltf/MaterialFunctions/MF_IOR.uasset" 316
"../../../Engine/Plugins/Interchange/Runtime/Content/gltf/MaterialFunctions/MF_IOR.uexp" 317
"../../../Engine/Plugins/Interchange/Runtime/Content/gltf/MaterialFunctions/MF_Fresnel_DS.uasset" 318
"../../../Engine/Plugins/Interchange/Runtime/Content/gltf/MaterialFunctions/MF_Fresnel_DS.uexp" 319
"../../../Engine/Content/Functions/Engine_MaterialFunctions01/Texturing/FlattenNormal.uasset" 320
"../../../Engine/Content/Functions/Engine_MaterialFunctions01/Texturing/FlattenNormal.uexp" 321
"../../../Engine/Content/Functions/Engine_MaterialFunctions02/Math/Transform3x3Matrix.uasset" 322
"../../../Engine/Content/Functions/Engine_MaterialFunctions02/Math/Transform3x3Matrix.uexp" 323
"../../../Engine/Plugins/Interchange/Runtime/Content/gltf/MaterialFunctions/MF_RotateNormals_TS.uasset" 324
"../../../Engine/Plugins/Interchange/Runtime/Content/gltf/MaterialFunctions/MF_RotateNormals_TS.uexp" 325
"../../../Engine/Plugins/Interchange/Runtime/Content/gltf/Textures/T_Generic_N.uasset" 326
"../../../Engine/Plugins/Interchange/Runtime/Content/gltf/Textures/T_Generic_N.uexp" 327
"../../../Engine/Plugins/Interchange/Runtime/Content/gltf/MaterialFunctions/MF_Normals.uasset" 328
"../../../Engine/Plugins/Interchange/Runtime/Content/gltf/MaterialFunctions/MF_Normals.uexp" 329
"../../../Engine/Content/Functions/Engine_MaterialFunctions02/Math/AddComponents.uasset" 330
"../../../Engine/Content/Functions/Engine_MaterialFunctions02/Math/AddComponents.uexp" 331
"../../../Engine/Plugins/Interchange/Runtime/Content/gltf/MaterialFunctions/MF_PerceivedBrightness.uasset" 332
"../../../Engine/Plugins/Interchange/Runtime/Content/gltf/MaterialFunctions/MF_PerceivedBrightness.uexp" 333
"../../../Engine/Plugins/Interchange/Runtime/Content/gltf/MaterialFunctions/MF_SpecGlossToMetalRoughness.uasset" 334
"../../../Engine/Plugins/Interchange/Runtime/Content/gltf/MaterialFunctions/MF_SpecGlossToMetalRoughness.uexp" 335
"../../../Engine/Plugins/Interchange/Runtime/Content/gltf/M_Transmission.uasset" 336
"../../../Engine/Plugins/Interchange/Runtime/Content/gltf/M_Transmission.uexp" 337
"../../../Engine/Plugins/Interchange/Runtime/Content/gltf/MaterialInstances_SG/MI_Transmission_TS.uasset" 338
"../../../Engine/Plugins/Interchange/Runtime/Content/gltf/MaterialInstances_SG/MI_Transmission_TS.uexp" 339
"../../../Engine/Plugins/Interchange/Runtime/Content/gltf/MaterialInstances_SG/MI_Transmission.uasset" 340
"../../../Engine/Plugins/Interchange/Runtime/Content/gltf/MaterialInstances_SG/MI_Transmission.uexp" 341
"../../../Engine/Plugins/Interchange/Runtime/Content/gltf/MaterialFunctions/MF_Clearcoat.uasset" 342
"../../../Engine/Plugins/Interchange/Runtime/Content/gltf/MaterialFunctions/MF_Clearcoat.uexp" 343
"../../../Engine/Plugins/Interchange/Runtime/Content/gltf/MaterialFunctions/MF_Emissive.uasset" 344
"../../../Engine/Plugins/Interchange/Runtime/Content/gltf/MaterialFunctions/MF_Emissive.uexp" 345
"../../../Engine/Plugins/Interchange/Runtime/Content/gltf/M_Translucent.uasset" 346
"../../../Engine/Plugins/Interchange/Runtime/Content/gltf/M_Translucent.uexp" 347
"../../../Engine/Plugins/Interchange/Runtime/Content/gltf/MaterialInstances_SG/MI_Translucent_TS.uasset" 348
"../../../Engine/Plugins/Interchange/Runtime/Content/gltf/MaterialInstances_SG/MI_Translucent_TS.uexp" 349
"../../../Engine/Plugins/Interchange/Runtime/Content/gltf/MaterialInstances_SG/MI_Translucent_ClearCoat_TS.uasset" 350
"../../../Engine/Plugins/Interchange/Runtime/Content/gltf/MaterialInstances_SG/MI_Translucent_ClearCoat_TS.uexp" 351
"../../../Engine/Plugins/Interchange/Runtime/Content/gltf/MaterialInstances_SG/MI_Translucent_ClearCoat.uasset" 352
"../../../Engine/Plugins/Interchange/Runtime/Content/gltf/MaterialInstances_SG/MI_Translucent_ClearCoat.uexp" 353
"../../../Engine/Plugins/Interchange/Runtime/Content/gltf/MaterialInstances_SG/MI_Translucent.uasset" 354
"../../../Engine/Plugins/Interchange/Runtime/Content/gltf/MaterialInstances_SG/MI_Translucent.uexp" 355
"../../../Engine/Plugins/Interchange/Runtime/Content/gltf/M_Opaque.uasset" 356
"../../../Engine/Plugins/Interchange/Runtime/Content/gltf/M_Opaque.uexp" 357
"../../../Engine/Plugins/Interchange/Runtime/Content/gltf/MaterialInstances_SG/MI_Opaque_TS.uasset" 358
"../../../Engine/Plugins/Interchange/Runtime/Content/gltf/MaterialInstances_SG/MI_Opaque_TS.uexp" 359
"../../../Engine/Plugins/Interchange/Runtime/Content/gltf/MaterialFunctions/MF_Sheen.uasset" 360
"../../../Engine/Plugins/Interchange/Runtime/Content/gltf/MaterialFunctions/MF_Sheen.uexp" 361
"../../../Engine/Content/Functions/Engine_MaterialFunctions01/Shading/FuzzyShading.uasset" 362
"../../../Engine/Content/Functions/Engine_MaterialFunctions01/Shading/FuzzyShading.uexp" 363
"../../../Engine/Plugins/Interchange/Runtime/Content/gltf/M_Sheen.uasset" 364
"../../../Engine/Plugins/Interchange/Runtime/Content/gltf/M_Sheen.uexp" 365
"../../../Engine/Plugins/Interchange/Runtime/Content/gltf/MaterialInstances_SG/MI_Opaque_Sheen_TS.uasset" 366
"../../../Engine/Plugins/Interchange/Runtime/Content/gltf/MaterialInstances_SG/MI_Opaque_Sheen_TS.uexp" 367
"../../../Engine/Plugins/Interchange/Runtime/Content/gltf/MaterialInstances_SG/MI_Opaque_Sheen.uasset" 368
"../../../Engine/Plugins/Interchange/Runtime/Content/gltf/MaterialInstances_SG/MI_Opaque_Sheen.uexp" 369
"../../../Engine/Plugins/Interchange/Runtime/Content/gltf/MaterialInstances_SG/MI_Opaque_ClearCoat_TS.uasset" 370
"../../../Engine/Plugins/Interchange/Runtime/Content/gltf/MaterialInstances_SG/MI_Opaque_ClearCoat_TS.uexp" 371
"../../../Engine/Plugins/Interchange/Runtime/Content/gltf/MaterialInstances_SG/MI_Opaque_ClearCoat.uasset" 372
"../../../Engine/Plugins/Interchange/Runtime/Content/gltf/MaterialInstances_SG/MI_Opaque_ClearCoat.uexp" 373
"../../../Engine/Plugins/Interchange/Runtime/Content/gltf/MaterialInstances_SG/MI_Opaque.uasset" 374
"../../../Engine/Plugins/Interchange/Runtime/Content/gltf/MaterialInstances_SG/MI_Opaque.uexp" 375
"../../../Engine/Plugins/Interchange/Runtime/Content/gltf/MaterialInstances_MR/MI_Transmission_TS.uasset" 376
"../../../Engine/Plugins/Interchange/Runtime/Content/gltf/MaterialInstances_MR/MI_Transmission_TS.uexp" 377
"../../../Engine/Plugins/Interchange/Runtime/Content/gltf/MaterialInstances_MR/MI_Transmission.uasset" 378
"../../../Engine/Plugins/Interchange/Runtime/Content/gltf/MaterialInstances_MR/MI_Transmission.uexp" 379
"../../../Engine/Plugins/Interchange/Runtime/Content/gltf/MaterialInstances_MR/MI_Translucent_TS.uasset" 380
"../../../Engine/Plugins/Interchange/Runtime/Content/gltf/MaterialInstances_MR/MI_Translucent_TS.uexp" 381
"../../../Engine/Plugins/Interchange/Runtime/Content/gltf/MaterialInstances_MR/MI_Translucent_ClearCoat_TS.uasset" 382
"../../../Engine/Plugins/Interchange/Runtime/Content/gltf/MaterialInstances_MR/MI_Translucent_ClearCoat_TS.uexp" 383
"../../../Engine/Plugins/Interchange/Runtime/Content/gltf/MaterialInstances_MR/MI_Translucent_ClearCoat.uasset" 384
"../../../Engine/Plugins/Interchange/Runtime/Content/gltf/MaterialInstances_MR/MI_Translucent_ClearCoat.uexp" 385
"../../../Engine/Plugins/Interchange/Runtime/Content/gltf/MaterialInstances_MR/MI_Translucent.uasset" 386
"../../../Engine/Plugins/Interchange/Runtime/Content/gltf/MaterialInstances_MR/MI_Translucent.uexp" 387
"../../../Engine/Plugins/Interchange/Runtime/Content/gltf/M_Unlit.uasset" 388
"../../../Engine/Plugins/Interchange/Runtime/Content/gltf/M_Unlit.uexp" 389
"../../../Engine/Plugins/Interchange/Runtime/Content/gltf/MaterialInstances_MR/MI_Opaque_Unlit_TS.uasset" 390
"../../../Engine/Plugins/Interchange/Runtime/Content/gltf/MaterialInstances_MR/MI_Opaque_Unlit_TS.uexp" 391
"../../../Engine/Plugins/Interchange/Runtime/Content/gltf/MaterialInstances_MR/MI_Opaque_Unlit.uasset" 392
"../../../Engine/Plugins/Interchange/Runtime/Content/gltf/MaterialInstances_MR/MI_Opaque_Unlit.uexp" 393
"../../../Engine/Plugins/Interchange/Runtime/Content/gltf/MaterialInstances_MR/MI_Opaque_TS.uasset" 394
"../../../Engine/Plugins/Interchange/Runtime/Content/gltf/MaterialInstances_MR/MI_Opaque_TS.uexp" 395
"../../../Engine/Plugins/Interchange/Runtime/Content/gltf/MaterialInstances_MR/MI_Opaque_Sheen_TS.uasset" 396
"../../../Engine/Plugins/Interchange/Runtime/Content/gltf/MaterialInstances_MR/MI_Opaque_Sheen_TS.uexp" 397
"../../../Engine/Plugins/Interchange/Runtime/Content/gltf/MaterialInstances_MR/MI_Opaque_Sheen.uasset" 398
"../../../Engine/Plugins/Interchange/Runtime/Content/gltf/MaterialInstances_MR/MI_Opaque_Sheen.uexp" 399
"../../../Engine/Plugins/Interchange/Runtime/Content/gltf/MaterialInstances_MR/MI_Opaque_ClearCoat_TS.uasset" 400
"../../../Engine/Plugins/Interchange/Runtime/Content/gltf/MaterialInstances_MR/MI_Opaque_ClearCoat_TS.uexp" 401
"../../../Engine/Plugins/Interchange/Runtime/Content/gltf/MaterialInstances_MR/MI_Opaque_ClearCoat.uasset" 402
"../../../Engine/Plugins/Interchange/Runtime/Content/gltf/MaterialInstances_MR/MI_Opaque_ClearCoat.uexp" 403
"../../../Engine/Plugins/Interchange/Runtime/Content/gltf/MaterialInstances_MR/MI_Opaque.uasset" 404
"../../../Engine/Plugins/Interchange/Runtime/Content/gltf/MaterialInstances_MR/MI_Opaque.uexp" 405
"../../../Engine/Content/Functions/Engine_MaterialFunctions02/Utility/VectorLength.uasset" 406
"../../../Engine/Content/Functions/Engine_MaterialFunctions02/Utility/VectorLength.uexp" 407
"../../../Engine/Content/Functions/Engine_MaterialFunctions02/WorldPositionOffset/V2/ObjectScale.uasset" 408
"../../../Engine/Content/Functions/Engine_MaterialFunctions02/WorldPositionOffset/V2/ObjectScale.uexp" 409
"../../../Engine/Content/Functions/Engine_MaterialFunctions02/ObjectLocalBounds.uasset" 410
"../../../Engine/Content/Functions/Engine_MaterialFunctions02/ObjectLocalBounds.uexp" 411
"../../../Engine/Plugins/Interchange/Runtime/Content/gltf/MaterialFunctions/MF_TransmissionOpacity.uasset" 412
"../../../Engine/Plugins/Interchange/Runtime/Content/gltf/MaterialFunctions/MF_TransmissionOpacity.uexp" 413
"../../../Engine/Plugins/Interchange/Runtime/Content/Functions/MX_Transmission.uasset" 414
"../../../Engine/Plugins/Interchange/Runtime/Content/Functions/MX_Transmission.uexp" 415
"../../../Engine/Plugins/Interchange/Runtime/Content/Functions/MX_StandardSurface.uasset" 416
"../../../Engine/Plugins/Interchange/Runtime/Content/Functions/MX_StandardSurface.uexp" 417
"../../../Engine/Plugins/Interchange/Runtime/Content/Functions/MX_TransmissionSurface.uasset" 418
"../../../Engine/Plugins/Interchange/Runtime/Content/Functions/MX_TransmissionSurface.uexp" 419
"../../../Engine/Plugins/Animation/ControlRig/Content/M_Manip.uasset" 420
"../../../Engine/Plugins/Animation/ControlRig/Content/M_Manip.uexp" 421
"../../../Engine/Plugins/Animation/ControlRig/Content/Controls/DefaultGizmoLibraryNormalized.uasset" 422
"../../../Engine/Plugins/Animation/ControlRig/Content/Controls/DefaultGizmoLibraryNormalized.uexp" 423
"../../../Engine/Plugins/Animation/ControlRig/Content/Controls/ControlRig_Wedge_solid.ubulk" 424
"../../../Engine/Plugins/Animation/ControlRig/Content/Controls/ControlRig_Wedge_solid.uasset" 425
"../../../Engine/Plugins/Animation/ControlRig/Content/Controls/ControlRig_Wedge_solid.uexp" 426
"../../../Engine/Plugins/Animation/ControlRig/Content/Controls/ControlRig_Wedge_3mm.ubulk" 427
"../../../Engine/Plugins/Animation/ControlRig/Content/Controls/ControlRig_Wedge_3mm.uasset" 428
"../../../Engine/Plugins/Animation/ControlRig/Content/Controls/ControlRig_Wedge_3mm.uexp" 429
"../../../Engine/Plugins/Animation/ControlRig/Content/Controls/ControlRig_Wedge_1mm.ubulk" 430
"../../../Engine/Plugins/Animation/ControlRig/Content/Controls/ControlRig_Wedge_1mm.uasset" 431
"../../../Engine/Plugins/Animation/ControlRig/Content/Controls/ControlRig_Wedge_1mm.uexp" 432
"../../../Engine/Plugins/Animation/ControlRig/Content/Controls/ControlRig_Triangle_solid.ubulk" 433
"../../../Engine/Plugins/Animation/ControlRig/Content/Controls/ControlRig_Triangle_solid.uasset" 434
"../../../Engine/Plugins/Animation/ControlRig/Content/Controls/ControlRig_Triangle_solid.uexp" 435
"../../../Engine/Plugins/Animation/ControlRig/Content/Controls/ControlRig_Triangle_3mm.ubulk" 436
"../../../Engine/Plugins/Animation/ControlRig/Content/Controls/ControlRig_Triangle_3mm.uasset" 437
"../../../Engine/Plugins/Animation/ControlRig/Content/Controls/ControlRig_Triangle_3mm.uexp" 438
"../../../Engine/Plugins/Animation/ControlRig/Content/Controls/ControlRig_Triangle_1mm.ubulk" 439
"../../../Engine/Plugins/Animation/ControlRig/Content/Controls/ControlRig_Triangle_1mm.uasset" 440
"../../../Engine/Plugins/Animation/ControlRig/Content/Controls/ControlRig_Triangle_1mm.uexp" 441
"../../../Engine/Plugins/Animation/ControlRig/Content/Controls/ControlRig_Star4_solid.ubulk" 442
"../../../Engine/Plugins/Animation/ControlRig/Content/Controls/ControlRig_Star4_solid.uasset" 443
"../../../Engine/Plugins/Animation/ControlRig/Content/Controls/ControlRig_Star4_solid.uexp" 444
"../../../Engine/Plugins/Animation/ControlRig/Content/Controls/ControlRig_Star4_3mm.ubulk" 445
"../../../Engine/Plugins/Animation/ControlRig/Content/Controls/ControlRig_Star4_3mm.uasset" 446
"../../../Engine/Plugins/Animation/ControlRig/Content/Controls/ControlRig_Star4_3mm.uexp" 447
"../../../Engine/Plugins/Animation/ControlRig/Content/Controls/ControlRig_Star4_1mm.ubulk" 448
"../../../Engine/Plugins/Animation/ControlRig/Content/Controls/ControlRig_Star4_1mm.uasset" 449
"../../../Engine/Plugins/Animation/ControlRig/Content/Controls/ControlRig_Star4_1mm.uexp" 450
"../../../Engine/Plugins/Animation/ControlRig/Content/Controls/ControlRig_Square_solid.ubulk" 451
"../../../Engine/Plugins/Animation/ControlRig/Content/Controls/ControlRig_Square_solid.uasset" 452
"../../../Engine/Plugins/Animation/ControlRig/Content/Controls/ControlRig_Square_solid.uexp" 453
"../../../Engine/Plugins/Animation/ControlRig/Content/Controls/ControlRig_Square_3mm.ubulk" 454
"../../../Engine/Plugins/Animation/ControlRig/Content/Controls/ControlRig_Square_3mm.uasset" 455
"../../../Engine/Plugins/Animation/ControlRig/Content/Controls/ControlRig_Square_3mm.uexp" 456
"../../../Engine/Plugins/Animation/ControlRig/Content/Controls/ControlRig_Square_1mm.ubulk" 457
"../../../Engine/Plugins/Animation/ControlRig/Content/Controls/ControlRig_Square_1mm.uasset" 458
"../../../Engine/Plugins/Animation/ControlRig/Content/Controls/ControlRig_Square_1mm.uexp" 459
"../../../Engine/Plugins/Animation/ControlRig/Content/Controls/ControlRig_Sphere_solid.ubulk" 460
"../../../Engine/Plugins/Animation/ControlRig/Content/Controls/ControlRig_Sphere_solid.uasset" 461
"../../../Engine/Plugins/Animation/ControlRig/Content/Controls/ControlRig_Sphere_solid.uexp" 462
"../../../Engine/Plugins/Animation/ControlRig/Content/Controls/ControlRig_Sphere_3mm.ubulk" 463
"../../../Engine/Plugins/Animation/ControlRig/Content/Controls/ControlRig_Sphere_3mm.uasset" 464
"../../../Engine/Plugins/Animation/ControlRig/Content/Controls/ControlRig_Sphere_3mm.uexp" 465
"../../../Engine/Plugins/Animation/ControlRig/Content/Controls/ControlRig_Sphere_1mm.ubulk" 466
"../../../Engine/Plugins/Animation/ControlRig/Content/Controls/ControlRig_Sphere_1mm.uasset" 467
"../../../Engine/Plugins/Animation/ControlRig/Content/Controls/ControlRig_Sphere_1mm.uexp" 468
"../../../Engine/Plugins/Animation/ControlRig/Content/Controls/ControlRig_RoundedTriangle_solid.ubulk" 469
"../../../Engine/Plugins/Animation/ControlRig/Content/Controls/ControlRig_RoundedTriangle_solid.uasset" 470
"../../../Engine/Plugins/Animation/ControlRig/Content/Controls/ControlRig_RoundedTriangle_solid.uexp" 471
"../../../Engine/Plugins/Animation/ControlRig/Content/Controls/ControlRig_RoundedTriangle_3mm.ubulk" 472
"../../../Engine/Plugins/Animation/ControlRig/Content/Controls/ControlRig_RoundedTriangle_3mm.uasset" 473
"../../../Engine/Plugins/Animation/ControlRig/Content/Controls/ControlRig_RoundedTriangle_3mm.uexp" 474
"../../../Engine/Plugins/Animation/ControlRig/Content/Controls/ControlRig_RoundedTriangle_1mm.ubulk" 475
"../../../Engine/Plugins/Animation/ControlRig/Content/Controls/ControlRig_RoundedTriangle_1mm.uasset" 476
"../../../Engine/Plugins/Animation/ControlRig/Content/Controls/ControlRig_RoundedTriangle_1mm.uexp" 477
"../../../Engine/Plugins/Animation/ControlRig/Content/Controls/ControlRig_RoundedSquare_solid.ubulk" 478
"../../../Engine/Plugins/Animation/ControlRig/Content/Controls/ControlRig_RoundedSquare_solid.uasset" 479
"../../../Engine/Plugins/Animation/ControlRig/Content/Controls/ControlRig_RoundedSquare_solid.uexp" 480
"../../../Engine/Plugins/Animation/ControlRig/Content/Controls/ControlRig_RoundedSquare_3mm.ubulk" 481
"../../../Engine/Plugins/Animation/ControlRig/Content/Controls/ControlRig_RoundedSquare_3mm.uasset" 482
"../../../Engine/Plugins/Animation/ControlRig/Content/Controls/ControlRig_RoundedSquare_3mm.uexp" 483
"../../../Engine/Plugins/Animation/ControlRig/Content/Controls/ControlRig_RoundedSquare_1mm.ubulk" 484
"../../../Engine/Plugins/Animation/ControlRig/Content/Controls/ControlRig_RoundedSquare_1mm.uasset" 485
"../../../Engine/Plugins/Animation/ControlRig/Content/Controls/ControlRig_RoundedSquare_1mm.uexp" 486
"../../../Engine/Plugins/Animation/ControlRig/Content/Controls/ControlRig_QuarterCircle_solid.ubulk" 487
"../../../Engine/Plugins/Animation/ControlRig/Content/Controls/ControlRig_QuarterCircle_solid.uasset" 488
"../../../Engine/Plugins/Animation/ControlRig/Content/Controls/ControlRig_QuarterCircle_solid.uexp" 489
"../../../Engine/Plugins/Animation/ControlRig/Content/Controls/ControlRig_QuarterCircle_3mm.ubulk" 490
"../../../Engine/Plugins/Animation/ControlRig/Content/Controls/ControlRig_QuarterCircle_3mm.uasset" 491
"../../../Engine/Plugins/Animation/ControlRig/Content/Controls/ControlRig_QuarterCircle_3mm.uexp" 492
"../../../Engine/Plugins/Animation/ControlRig/Content/Controls/ControlRig_QuarterCircle_1mm.ubulk" 493
"../../../Engine/Plugins/Animation/ControlRig/Content/Controls/ControlRig_QuarterCircle_1mm.uasset" 494
"../../../Engine/Plugins/Animation/ControlRig/Content/Controls/ControlRig_QuarterCircle_1mm.uexp" 495
"../../../Engine/Plugins/Animation/ControlRig/Content/Controls/ControlRig_Pyramid_solid.ubulk" 496
"../../../Engine/Plugins/Animation/ControlRig/Content/Controls/ControlRig_Pyramid_solid.uasset" 497
"../../../Engine/Plugins/Animation/ControlRig/Content/Controls/ControlRig_Pyramid_solid.uexp" 498
"../../../Engine/Plugins/Animation/ControlRig/Content/Controls/ControlRig_Pyramid_3mm.ubulk" 499
"../../../Engine/Plugins/Animation/ControlRig/Content/Controls/ControlRig_Pyramid_3mm.uasset" 500
"../../../Engine/Plugins/Animation/ControlRig/Content/Controls/ControlRig_Pyramid_3mm.uexp" 501
"../../../Engine/Plugins/Animation/ControlRig/Content/Controls/ControlRig_Pyramid_1mm.ubulk" 502
"../../../Engine/Plugins/Animation/ControlRig/Content/Controls/ControlRig_Pyramid_1mm.uasset" 503
"../../../Engine/Plugins/Animation/ControlRig/Content/Controls/ControlRig_Pyramid_1mm.uexp" 504
"../../../Engine/Plugins/Animation/ControlRig/Content/Controls/ControlRig_Octagon_solid.ubulk" 505
"../../../Engine/Plugins/Animation/ControlRig/Content/Controls/ControlRig_Octagon_solid.uasset" 506
"../../../Engine/Plugins/Animation/ControlRig/Content/Controls/ControlRig_Octagon_solid.uexp" 507
"../../../Engine/Plugins/Animation/ControlRig/Content/Controls/ControlRig_Octagon_3mm.ubulk" 508
"../../../Engine/Plugins/Animation/ControlRig/Content/Controls/ControlRig_Octagon_3mm.uasset" 509
"../../../Engine/Plugins/Animation/ControlRig/Content/Controls/ControlRig_Octagon_3mm.uexp" 510
"../../../Engine/Plugins/Animation/ControlRig/Content/Controls/ControlRig_Octagon_1mm.ubulk" 511
"../../../Engine/Plugins/Animation/ControlRig/Content/Controls/ControlRig_Octagon_1mm.uasset" 512
"../../../Engine/Plugins/Animation/ControlRig/Content/Controls/ControlRig_Octagon_1mm.uexp" 513
"../../../Engine/Plugins/Animation/ControlRig/Content/Controls/ControlRig_Hexagon_solid.ubulk" 514
"../../../Engine/Plugins/Animation/ControlRig/Content/Controls/ControlRig_Hexagon_solid.uasset" 515
"../../../Engine/Plugins/Animation/ControlRig/Content/Controls/ControlRig_Hexagon_solid.uexp" 516
"../../../Engine/Plugins/Animation/ControlRig/Content/Controls/ControlRig_Hexagon_3mm.ubulk" 517
"../../../Engine/Plugins/Animation/ControlRig/Content/Controls/ControlRig_Hexagon_3mm.uasset" 518
"../../../Engine/Plugins/Animation/ControlRig/Content/Controls/ControlRig_Hexagon_3mm.uexp" 519
"../../../Engine/Plugins/Animation/ControlRig/Content/Controls/ControlRig_Hexagon_1mm.ubulk" 520
"../../../Engine/Plugins/Animation/ControlRig/Content/Controls/ControlRig_Hexagon_1mm.uasset" 521
"../../../Engine/Plugins/Animation/ControlRig/Content/Controls/ControlRig_Hexagon_1mm.uexp" 522
"../../../Engine/Plugins/Animation/ControlRig/Content/Controls/ControlRig_HalfCircle_solid.ubulk" 523
"../../../Engine/Plugins/Animation/ControlRig/Content/Controls/ControlRig_HalfCircle_solid.uasset" 524
"../../../Engine/Plugins/Animation/ControlRig/Content/Controls/ControlRig_HalfCircle_solid.uexp" 525
"../../../Engine/Plugins/Animation/ControlRig/Content/Controls/ControlRig_HalfCircle_3mm.ubulk" 526
"../../../Engine/Plugins/Animation/ControlRig/Content/Controls/ControlRig_HalfCircle_3mm.uasset" 527
"../../../Engine/Plugins/Animation/ControlRig/Content/Controls/ControlRig_HalfCircle_3mm.uexp" 528
"../../../Engine/Plugins/Animation/ControlRig/Content/Controls/ControlRig_HalfCircle_1mm.ubulk" 529
"../../../Engine/Plugins/Animation/ControlRig/Content/Controls/ControlRig_HalfCircle_1mm.uasset" 530
"../../../Engine/Plugins/Animation/ControlRig/Content/Controls/ControlRig_HalfCircle_1mm.uexp" 531
"../../../Engine/Plugins/Animation/ControlRig/Content/Controls/ControlRig_Diamond_solid.ubulk" 532
"../../../Engine/Plugins/Animation/ControlRig/Content/Controls/ControlRig_Diamond_solid.uasset" 533
"../../../Engine/Plugins/Animation/ControlRig/Content/Controls/ControlRig_Diamond_solid.uexp" 534
"../../../Engine/Plugins/Animation/ControlRig/Content/Controls/ControlRig_Diamond_3mm.ubulk" 535
"../../../Engine/Plugins/Animation/ControlRig/Content/Controls/ControlRig_Diamond_3mm.uasset" 536
"../../../Engine/Plugins/Animation/ControlRig/Content/Controls/ControlRig_Diamond_3mm.uexp" 537
"../../../Engine/Plugins/Animation/ControlRig/Content/Controls/ControlRig_Diamond_1mm.ubulk" 538
"../../../Engine/Plugins/Animation/ControlRig/Content/Controls/ControlRig_Diamond_1mm.uasset" 539
"../../../Engine/Plugins/Animation/ControlRig/Content/Controls/ControlRig_Diamond_1mm.uexp" 540
"../../../Engine/Plugins/Animation/ControlRig/Content/Controls/ControlRig_Circle_solid.ubulk" 541
"../../../Engine/Plugins/Animation/ControlRig/Content/Controls/ControlRig_Circle_solid.uasset" 542
"../../../Engine/Plugins/Animation/ControlRig/Content/Controls/ControlRig_Circle_solid.uexp" 543
"../../../Engine/Plugins/Animation/ControlRig/Content/Controls/ControlRig_Circle_3mm.ubulk" 544
"../../../Engine/Plugins/Animation/ControlRig/Content/Controls/ControlRig_Circle_3mm.uasset" 545
"../../../Engine/Plugins/Animation/ControlRig/Content/Controls/ControlRig_Circle_3mm.uexp" 546
"../../../Engine/Plugins/Animation/ControlRig/Content/Controls/ControlRig_Circle_1mm.ubulk" 547
"../../../Engine/Plugins/Animation/ControlRig/Content/Controls/ControlRig_Circle_1mm.uasset" 548
"../../../Engine/Plugins/Animation/ControlRig/Content/Controls/ControlRig_Circle_1mm.uexp" 549
"../../../Engine/Plugins/Animation/ControlRig/Content/Controls/ControlRig_Box_solid.ubulk" 550
"../../../Engine/Plugins/Animation/ControlRig/Content/Controls/ControlRig_Box_solid.uasset" 551
"../../../Engine/Plugins/Animation/ControlRig/Content/Controls/ControlRig_Box_solid.uexp" 552
"../../../Engine/Plugins/Animation/ControlRig/Content/Controls/ControlRig_Box_3mm.ubulk" 553
"../../../Engine/Plugins/Animation/ControlRig/Content/Controls/ControlRig_Box_3mm.uasset" 554
"../../../Engine/Plugins/Animation/ControlRig/Content/Controls/ControlRig_Box_3mm.uexp" 555
"../../../Engine/Plugins/Animation/ControlRig/Content/Controls/ControlRig_Box_1mm.ubulk" 556
"../../../Engine/Plugins/Animation/ControlRig/Content/Controls/ControlRig_Box_1mm.uasset" 557
"../../../Engine/Plugins/Animation/ControlRig/Content/Controls/ControlRig_Box_1mm.uexp" 558
"../../../Engine/Plugins/Animation/ControlRig/Content/Controls/ControlRig_Arrow_solid.ubulk" 559
"../../../Engine/Plugins/Animation/ControlRig/Content/Controls/ControlRig_Arrow_solid.uasset" 560
"../../../Engine/Plugins/Animation/ControlRig/Content/Controls/ControlRig_Arrow_solid.uexp" 561
"../../../Engine/Plugins/Animation/ControlRig/Content/Controls/ControlRig_Arrow_3mm.ubulk" 562
"../../../Engine/Plugins/Animation/ControlRig/Content/Controls/ControlRig_Arrow_3mm.uasset" 563
"../../../Engine/Plugins/Animation/ControlRig/Content/Controls/ControlRig_Arrow_3mm.uexp" 564
"../../../Engine/Plugins/Animation/ControlRig/Content/Controls/ControlRig_Arrow_1mm.ubulk" 565
"../../../Engine/Plugins/Animation/ControlRig/Content/Controls/ControlRig_Arrow_1mm.uasset" 566
"../../../Engine/Plugins/Animation/ControlRig/Content/Controls/ControlRig_Arrow_1mm.uexp" 567
"../../../Engine/Plugins/Animation/ControlRig/Content/Controls/ControlRig_Arrow4_solid.ubulk" 568
"../../../Engine/Plugins/Animation/ControlRig/Content/Controls/ControlRig_Arrow4_solid.uasset" 569
"../../../Engine/Plugins/Animation/ControlRig/Content/Controls/ControlRig_Arrow4_solid.uexp" 570
"../../../Engine/Plugins/Animation/ControlRig/Content/Controls/ControlRig_Arrow4_3mm.ubulk" 571
"../../../Engine/Plugins/Animation/ControlRig/Content/Controls/ControlRig_Arrow4_3mm.uasset" 572
"../../../Engine/Plugins/Animation/ControlRig/Content/Controls/ControlRig_Arrow4_3mm.uexp" 573
"../../../Engine/Plugins/Animation/ControlRig/Content/Controls/ControlRig_Arrow4_1mm.ubulk" 574
"../../../Engine/Plugins/Animation/ControlRig/Content/Controls/ControlRig_Arrow4_1mm.uasset" 575
"../../../Engine/Plugins/Animation/ControlRig/Content/Controls/ControlRig_Arrow4_1mm.uexp" 576
"../../../Engine/Plugins/Animation/ControlRig/Content/Controls/ControlRig_Arrow2_solid.ubulk" 577
"../../../Engine/Plugins/Animation/ControlRig/Content/Controls/ControlRig_Arrow2_solid.uasset" 578
"../../../Engine/Plugins/Animation/ControlRig/Content/Controls/ControlRig_Arrow2_solid.uexp" 579
"../../../Engine/Plugins/Animation/ControlRig/Content/Controls/ControlRig_Arrow2_3mm.ubulk" 580
"../../../Engine/Plugins/Animation/ControlRig/Content/Controls/ControlRig_Arrow2_3mm.uasset" 581
"../../../Engine/Plugins/Animation/ControlRig/Content/Controls/ControlRig_Arrow2_3mm.uexp" 582
"../../../Engine/Plugins/Animation/ControlRig/Content/Controls/ControlRig_Arrow2_1mm.ubulk" 583
"../../../Engine/Plugins/Animation/ControlRig/Content/Controls/ControlRig_Arrow2_1mm.uasset" 584
"../../../Engine/Plugins/Animation/ControlRig/Content/Controls/ControlRig_Arrow2_1mm.uexp" 585
"../../../Engine/Plugins/Animation/ControlRig/Content/Controls/ControlRigXRayMaterial.uasset" 586
"../../../Engine/Plugins/Animation/ControlRig/Content/Controls/ControlRigXRayMaterial.uexp" 587
"../../../Engine/Plugins/Animation/ControlRig/Content/Controls/ControlRigGizmoMaterial.uasset" 588
"../../../Engine/Plugins/Animation/ControlRig/Content/Controls/ControlRigGizmoMaterial.uexp" 589
"../../../Engine/Content/BasicShapes/Cube.ubulk" 590
"../../../Engine/Content/BasicShapes/Cube.uasset" 591
"../../../Engine/Content/BasicShapes/Cube.uexp" 592
"../../../Engine/Content/BasicShapes/Cylinder.ubulk" 593
"../../../Engine/Content/BasicShapes/Cylinder.uasset" 594
"../../../Engine/Content/BasicShapes/Cylinder.uexp" 595
"D:/Projects/Games/UE5/10MinutePrototypes/1_Honeycomber/Honeycomber/Content/Input/IA_CycleOptions.uasset" 596
"D:/Projects/Games/UE5/10MinutePrototypes/1_Honeycomber/Honeycomber/Content/Input/IA_CycleOptions.uexp" 597
"D:/Projects/Games/UE5/10MinutePrototypes/1_Honeycomber/Honeycomber/Content/Input/IA_SelectOption.uasset" 598
"D:/Projects/Games/UE5/10MinutePrototypes/1_Honeycomber/Honeycomber/Content/Input/IA_SelectOption.uexp" 599
"D:/Projects/Games/UE5/10MinutePrototypes/1_Honeycomber/Honeycomber/Content/Input/IA_Move.uasset" 600
"D:/Projects/Games/UE5/10MinutePrototypes/1_Honeycomber/Honeycomber/Content/Input/IA_Move.uexp" 601
"D:/Projects/Games/UE5/10MinutePrototypes/1_Honeycomber/Honeycomber/Content/Input/IMC_ComberPlayer.uasset" 602
"D:/Projects/Games/UE5/10MinutePrototypes/1_Honeycomber/Honeycomber/Content/Input/IMC_ComberPlayer.uexp" 603
"../../../Engine/Content/BasicShapes/BasicShapeMaterial.uasset" 604
"../../../Engine/Content/BasicShapes/BasicShapeMaterial.uexp" 605
"D:/Projects/Games/UE5/10MinutePrototypes/1_Honeycomber/Honeycomber/Content/Actors/Player/BP_ComberCharacter.uasset" 606
"D:/Projects/Games/UE5/10MinutePrototypes/1_Honeycomber/Honeycomber/Content/Actors/Player/BP_ComberCharacter.uexp" 607
"D:/Projects/Games/UE5/10MinutePrototypes/1_Honeycomber/Honeycomber/Content/Admin/GM_Honeycomber.uasset" 608
"D:/Projects/Games/UE5/10MinutePrototypes/1_Honeycomber/Honeycomber/Content/Admin/GM_Honeycomber.uexp" 609
"D:/Projects/Games/UE5/10MinutePrototypes/1_Honeycomber/Honeycomber/Content/Widgets/W_StateDisplay.uasset" 610
"D:/Projects/Games/UE5/10MinutePrototypes/1_Honeycomber/Honeycomber/Content/Widgets/W_StateDisplay.uexp" 611
"D:/Projects/Games/UE5/10MinutePrototypes/1_Honeycomber/Honeycomber/Content/Actors/ResourceStorages/BP_MoneyStorage.uasset" 612
"D:/Projects/Games/UE5/10MinutePrototypes/1_Honeycomber/Honeycomber/Content/Actors/ResourceStorages/BP_MoneyStorage.uexp" 613
"D:/Projects/Games/UE5/10MinutePrototypes/1_Honeycomber/Honeycomber/Content/Materials/Actors/M_WallBasic.uasset" 614
"D:/Projects/Games/UE5/10MinutePrototypes/1_Honeycomber/Honeycomber/Content/Materials/Actors/M_WallBasic.uexp" 615
"../../../Engine/Content/Functions/Engine_MaterialFunctions01/Density/ExponentialDensity.uasset" 616
"../../../Engine/Content/Functions/Engine_MaterialFunctions01/Density/ExponentialDensity.uexp" 617
"../../../Engine/Content/Functions/Engine_MaterialFunctions01/Gradient/RadialGradientExponential.uasset" 618
"../../../Engine/Content/Functions/Engine_MaterialFunctions01/Gradient/RadialGradientExponential.uexp" 619
"D:/Projects/Games/UE5/10MinutePrototypes/1_Honeycomber/Honeycomber/Content/Materials/Effects/M_TransitionCircle.uasset" 620
"D:/Projects/Games/UE5/10MinutePrototypes/1_Honeycomber/Honeycomber/Content/Materials/Effects/M_TransitionCircle.uexp" 621
"D:/Projects/Games/UE5/10MinutePrototypes/1_Honeycomber/Honeycomber/Content/Widgets/W_DayCheckpoint.uasset" 622
"D:/Projects/Games/UE5/10MinutePrototypes/1_Honeycomber/Honeycomber/Content/Widgets/W_DayCheckpoint.uexp" 623
"D:/Projects/Games/UE5/10MinutePrototypes/1_Honeycomber/Honeycomber/Content/Widgets/W_DialogueLine.uasset" 624
"D:/Projects/Games/UE5/10MinutePrototypes/1_Honeycomber/Honeycomber/Content/Widgets/W_DialogueLine.uexp" 625
"D:/Projects/Games/UE5/10MinutePrototypes/1_Honeycomber/Honeycomber/Content/Actors/Visitors/BP_Visitor.uasset" 626
"D:/Projects/Games/UE5/10MinutePrototypes/1_Honeycomber/Honeycomber/Content/Actors/Visitors/BP_Visitor.uexp" 627
"D:/Projects/Games/UE5/10MinutePrototypes/1_Honeycomber/Honeycomber/Content/Actors/Managers/BP_VisitorManager.uasset" 628
"D:/Projects/Games/UE5/10MinutePrototypes/1_Honeycomber/Honeycomber/Content/Actors/Managers/BP_VisitorManager.uexp" 629
"D:/Projects/Games/UE5/10MinutePrototypes/1_Honeycomber/Honeycomber/Content/Actors/ResourceStorages/BP_ResourceStorageBasic.uasset" 630
"D:/Projects/Games/UE5/10MinutePrototypes/1_Honeycomber/Honeycomber/Content/Actors/ResourceStorages/BP_ResourceStorageBasic.uexp" 631
"D:/Projects/Games/UE5/10MinutePrototypes/1_Honeycomber/Honeycomber/Content/Materials/Functions/MF_DepthThresholdModulation_GrazingAngle.uasset" 632
"D:/Projects/Games/UE5/10MinutePrototypes/1_Honeycomber/Honeycomber/Content/Materials/Functions/MF_DepthThresholdModulation_GrazingAngle.uexp" 633
"D:/Projects/Games/UE5/10MinutePrototypes/1_Honeycomber/Honeycomber/Content/Materials/Functions/MF_GetConvolutionKernel.uasset" 634
"D:/Projects/Games/UE5/10MinutePrototypes/1_Honeycomber/Honeycomber/Content/Materials/Functions/MF_GetConvolutionKernel.uexp" 635
"D:/Projects/Games/UE5/10MinutePrototypes/1_Honeycomber/Honeycomber/Content/Materials/Functions/MF_DetectEdges_Normal.uasset" 636
"D:/Projects/Games/UE5/10MinutePrototypes/1_Honeycomber/Honeycomber/Content/Materials/Functions/MF_DetectEdges_Normal.uexp" 637
"D:/Projects/Games/UE5/10MinutePrototypes/1_Honeycomber/Honeycomber/Content/Materials/Functions/MF_ThicknessModulation.uasset" 638
"D:/Projects/Games/UE5/10MinutePrototypes/1_Honeycomber/Honeycomber/Content/Materials/Functions/MF_ThicknessModulation.uexp" 639
"D:/Projects/Games/UE5/10MinutePrototypes/1_Honeycomber/Honeycomber/Content/Materials/Functions/MF_DetectEdges_Depth.uasset" 640
"D:/Projects/Games/UE5/10MinutePrototypes/1_Honeycomber/Honeycomber/Content/Materials/Functions/MF_DetectEdges_Depth.uexp" 641
"D:/Projects/Games/UE5/10MinutePrototypes/1_Honeycomber/Honeycomber/Content/Materials/M_Outline.uasset" 642
"D:/Projects/Games/UE5/10MinutePrototypes/1_Honeycomber/Honeycomber/Content/Materials/M_Outline.uexp" 643
"D:/Projects/Games/UE5/10MinutePrototypes/1_Honeycomber/Honeycomber/Content/Materials/M_Outline_Inst.uasset" 644
"D:/Projects/Games/UE5/10MinutePrototypes/1_Honeycomber/Honeycomber/Content/Materials/M_Outline_Inst.uexp" 645
"D:/Projects/Games/UE5/10MinutePrototypes/1_Honeycomber/Honeycomber/Content/Widgets/W_InteractionOption.uasset" 646
"D:/Projects/Games/UE5/10MinutePrototypes/1_Honeycomber/Honeycomber/Content/Widgets/W_InteractionOption.uexp" 647
"D:/Projects/Games/UE5/10MinutePrototypes/1_Honeycomber/Honeycomber/Content/Widgets/W_InteractionPopup.uasset" 648
"D:/Projects/Games/UE5/10MinutePrototypes/1_Honeycomber/Honeycomber/Content/Widgets/W_InteractionPopup.uexp" 649
"D:/Projects/Games/UE5/10MinutePrototypes/1_Honeycomber/Honeycomber/Content/Actors/Interactables/BP_Beehive.uasset" 650
"D:/Projects/Games/UE5/10MinutePrototypes/1_Honeycomber/Honeycomber/Content/Actors/Interactables/BP_Beehive.uexp" 651
"D:/Projects/Games/UE5/10MinutePrototypes/1_Honeycomber/Honeycomber/Content/Materials/M_CelShading.uasset" 652
"D:/Projects/Games/UE5/10MinutePrototypes/1_Honeycomber/Honeycomber/Content/Materials/M_CelShading.uexp" 653
"D:/Projects/Games/UE5/10MinutePrototypes/1_Honeycomber/Honeycomber/Content/Actors/Managers/BP_ResourceManager.uasset" 654
"D:/Projects/Games/UE5/10MinutePrototypes/1_Honeycomber/Honeycomber/Content/Actors/Managers/BP_ResourceManager.uexp" 655
"D:/Projects/Games/UE5/10MinutePrototypes/1_Honeycomber/Honeycomber/Content/Actors/Managers/BP_DialogueManager.uasset" 656
"D:/Projects/Games/UE5/10MinutePrototypes/1_Honeycomber/Honeycomber/Content/Actors/Managers/BP_DialogueManager.uexp" 657
"D:/Projects/Games/UE5/10MinutePrototypes/1_Honeycomber/Honeycomber/Content/Actors/Interactables/BP_Window.uasset" 658
"D:/Projects/Games/UE5/10MinutePrototypes/1_Honeycomber/Honeycomber/Content/Actors/Interactables/BP_Window.uexp" 659
"D:/Projects/Games/UE5/10MinutePrototypes/1_Honeycomber/Honeycomber/Content/Actors/Interactables/BP_Interactable.uasset" 660
"D:/Projects/Games/UE5/10MinutePrototypes/1_Honeycomber/Honeycomber/Content/Actors/Interactables/BP_Interactable.uexp" 661
"D:/Projects/Games/UE5/10MinutePrototypes/1_Honeycomber/Honeycomber/Content/Actors/Interactables/BP_SaleDesk.uasset" 662
"D:/Projects/Games/UE5/10MinutePrototypes/1_Honeycomber/Honeycomber/Content/Actors/Interactables/BP_SaleDesk.uexp" 663
"D:/Projects/Games/UE5/10MinutePrototypes/1_Honeycomber/Honeycomber/Content/Data/Dialogues/Day1/TBL_Dialogue_Misley.uasset" 664
"D:/Projects/Games/UE5/10MinutePrototypes/1_Honeycomber/Honeycomber/Content/Data/Dialogues/Day1/TBL_Dialogue_Misley.uexp" 665
"D:/Projects/Games/UE5/10MinutePrototypes/1_Honeycomber/Honeycomber/Content/Data/Dialogues/Day1/TBL_Dialogue_Delio.uasset" 666
"D:/Projects/Games/UE5/10MinutePrototypes/1_Honeycomber/Honeycomber/Content/Data/Dialogues/Day1/TBL_Dialogue_Delio.uexp" 667
"D:/Projects/Games/UE5/10MinutePrototypes/1_Honeycomber/Honeycomber/Content/Data/Dialogues/TBL_Dialogue_CustomerBasic1.uasset" 668
"D:/Projects/Games/UE5/10MinutePrototypes/1_Honeycomber/Honeycomber/Content/Data/Dialogues/TBL_Dialogue_CustomerBasic1.uexp" 669
"D:/Projects/Games/UE5/10MinutePrototypes/1_Honeycomber/Honeycomber/Content/Data/Dialogues/Day1/TBL_VisitorsDay1.uasset" 670
"D:/Projects/Games/UE5/10MinutePrototypes/1_Honeycomber/Honeycomber/Content/Data/Dialogues/Day1/TBL_VisitorsDay1.uexp" 671
"D:/Projects/Games/UE5/10MinutePrototypes/1_Honeycomber/Honeycomber/Content/Levels/ShopLevel.uexp" 672
"D:/Projects/Games/UE5/10MinutePrototypes/1_Honeycomber/Honeycomber/Content/Levels/ShopLevel.umap" 673
"../../../Engine/Content/Maps/Entry_BuiltData.uasset" 674
"../../../Engine/Content/Maps/Entry_BuiltData.uexp" 675
"../../../Engine/Content/Maps/Entry.uexp" 676
"../../../Engine/Content/Maps/Entry.umap" 677
